nohup: ignoring input
[INFO] Scanning for projects...
[INFO] 
[INFO] -------------------< br.com.fileh:financial-service >-------------------
[INFO] Building financial-service 0.0.1-SNAPSHOT
[INFO]   from pom.xml
[INFO] --------------------------------[ jar ]---------------------------------
[INFO] 
[INFO] >>> spring-boot:4.0.3:run (default-cli) > test-compile @ financial-service >>>
[INFO] 
[INFO] --- resources:3.3.1:resources (default-resources) @ financial-service ---
[INFO] Copying 1 resource from src/main/resources to target/classes
[INFO] Copying 0 resource from src/main/resources to target/classes
[INFO] 
[INFO] --- compiler:3.14.1:compile (default-compile) @ financial-service ---
[INFO] Nothing to compile - all classes are up to date.
[INFO] 
[INFO] --- resources:3.3.1:testResources (default-testResources) @ financial-service ---
[INFO] skip non existing resourceDirectory /home/dev/Documents/Development/Java Developer/fileh_systems/fileh.com.br/v2/backend/financial-service/src/test/resources
[INFO] 
[INFO] --- compiler:3.14.1:testCompile (default-testCompile) @ financial-service ---
[INFO] Nothing to compile - all classes are up to date.
[INFO] 
[INFO] <<< spring-boot:4.0.3:run (default-cli) < test-compile @ financial-service <<<
[INFO] 
[INFO] 
[INFO] --- spring-boot:4.0.3:run (default-cli) @ financial-service ---
[INFO] Attaching agents: []

  .   ____          _            __ _ _
 /\\ / ___'_ __ _ _(_)_ __  __ _ \ \ \ \
( ( )\___ | '_ | '_| | '_ \/ _` | \ \ \ \
 \\/  ___)| |_)| | | | | || (_| |  ) ) ) )
  '  |____| .__|_| |_|_| |_\__, | / / / /
 =========|_|==============|___/=/_/_/_/

 :: Spring Boot ::                (v4.0.3)

2026-03-19T14:51:50.734-03:00  INFO 2241806 --- [financial-service] [           main] b.c.f.f.FinancialServiceApplication      : Starting FinancialServiceApplication using Java 21.0.10 with PID 2241806 (/home/dev/Documents/Development/Java Developer/fileh_systems/fileh.com.br/v2/backend/financial-service/target/classes started by dev in /home/dev/Documents/Development/Java Developer/fileh_systems/fileh.com.br/v2/backend/financial-service)
2026-03-19T14:51:50.736-03:00  INFO 2241806 --- [financial-service] [           main] b.c.f.f.FinancialServiceApplication      : No active profile set, falling back to 1 default profile: "default"
2026-03-19T14:51:50.973-03:00  INFO 2241806 --- [financial-service] [           main] .s.d.r.c.RepositoryConfigurationDelegate : Bootstrapping Spring Data JPA repositories in DEFAULT mode.
2026-03-19T14:51:51.025-03:00  INFO 2241806 --- [financial-service] [           main] .s.d.r.c.RepositoryConfigurationDelegate : Finished Spring Data repository scanning in 48 ms. Found 3 JPA repository interfaces.
2026-03-19T14:51:51.083-03:00  INFO 2241806 --- [financial-service] [           main] o.s.cloud.context.scope.GenericScope     : BeanFactory id=e628f22e-54a9-326f-a157-c6fbc809ba67
2026-03-19T14:51:51.214-03:00  INFO 2241806 --- [financial-service] [           main] o.s.boot.tomcat.TomcatWebServer          : Tomcat initialized with port 8084 (http)
2026-03-19T14:51:51.220-03:00  INFO 2241806 --- [financial-service] [           main] o.apache.catalina.core.StandardService   : Starting service [Tomcat]
2026-03-19T14:51:51.220-03:00  INFO 2241806 --- [financial-service] [           main] o.apache.catalina.core.StandardEngine    : Starting Servlet engine: [Apache Tomcat/11.0.18]
2026-03-19T14:51:51.238-03:00  INFO 2241806 --- [financial-service] [           main] b.w.c.s.WebApplicationContextInitializer : Root WebApplicationContext: initialization completed in 485 ms
2026-03-19T14:51:51.304-03:00  INFO 2241806 --- [financial-service] [           main] org.hibernate.orm.jpa                    : HHH008540: Processing PersistenceUnitInfo [name: default]
2026-03-19T14:51:51.328-03:00  INFO 2241806 --- [financial-service] [           main] org.hibernate.orm.core                   : HHH000001: Hibernate ORM core version 7.2.4.Final
2026-03-19T14:51:51.473-03:00  INFO 2241806 --- [financial-service] [           main] o.s.o.j.p.SpringPersistenceUnitInfo      : No LoadTimeWeaver setup: ignoring JPA class transformer
2026-03-19T14:51:51.485-03:00  INFO 2241806 --- [financial-service] [           main] com.zaxxer.hikari.HikariDataSource       : HikariPool-1 - Starting...
2026-03-19T14:51:51.552-03:00  INFO 2241806 --- [financial-service] [           main] com.zaxxer.hikari.pool.HikariPool        : HikariPool-1 - Added connection com.mysql.cj.jdbc.ConnectionImpl@4738131e
2026-03-19T14:51:51.552-03:00  INFO 2241806 --- [financial-service] [           main] com.zaxxer.hikari.HikariDataSource       : HikariPool-1 - Start completed.
2026-03-19T14:51:51.572-03:00  WARN 2241806 --- [financial-service] [           main] org.hibernate.orm.deprecation            : HHH90000025: MySQLDialect does not need to be specified explicitly using 'hibernate.dialect' (remove the property setting and it will be selected by default)
2026-03-19T14:51:51.579-03:00  INFO 2241806 --- [financial-service] [           main] org.hibernate.orm.connections.pooling    : HHH10001005: Database info:
	Database JDBC URL [jdbc:mysql://localhost:3306/fileh_v2?useSSL=false&serverTimezone=UTC&createDatabaseIfNotExist=true]
	Database driver: MySQL Connector/J
	Database dialect: MySQLDialect
	Database version: 8.0.45
	Default catalog/schema: fileh_v2/undefined
	Autocommit mode: undefined/unknown
	Isolation level: REPEATABLE_READ [default REPEATABLE_READ]
	JDBC fetch size: none
	Pool: DataSourceConnectionProvider
	Minimum pool size: undefined/unknown
	Maximum pool size: undefined/unknown
2026-03-19T14:51:51.893-03:00  INFO 2241806 --- [financial-service] [           main] org.hibernate.orm.core                   : HHH000489: No JTA platform available (set 'hibernate.transaction.jta.platform' to enable JTA platform integration)
2026-03-19T14:51:51.921-03:00  INFO 2241806 --- [financial-service] [           main] j.LocalContainerEntityManagerFactoryBean : Initialized JPA EntityManagerFactory for persistence unit 'default'
2026-03-19T14:51:51.952-03:00  INFO 2241806 --- [financial-service] [           main] o.s.d.j.r.query.QueryEnhancerFactories   : Hibernate is in classpath; If applicable, HQL parser will be used.
2026-03-19T14:51:52.034-03:00  WARN 2241806 --- [financial-service] [           main] JpaBaseConfiguration$JpaWebConfiguration : spring.jpa.open-in-view is enabled by default. Therefore, database queries may be performed during view rendering. Explicitly configure spring.jpa.open-in-view to disable this warning
2026-03-19T14:51:52.235-03:00  INFO 2241806 --- [financial-service] [           main] DiscoveryClientOptionalArgsConfiguration : Eureka HTTP Client uses RestClient.
2026-03-19T14:51:52.251-03:00  WARN 2241806 --- [financial-service] [           main] iguration$LoadBalancerCaffeineWarnLogger : Spring Cloud LoadBalancer is currently working with the default cache. While this cache implementation is useful for development and tests, it's recommended to use Caffeine cache in production.You can switch to using Caffeine cache, by adding it and org.springframework.cache.caffeine.CaffeineCacheManager to the classpath.
2026-03-19T14:51:52.263-03:00  INFO 2241806 --- [financial-service] [           main] o.s.c.n.eureka.InstanceInfoFactory       : Setting initial instance status as: STARTING
2026-03-19T14:51:52.277-03:00  INFO 2241806 --- [financial-service] [           main] com.netflix.discovery.DiscoveryClient    : Initializing Eureka in region us-east-1
2026-03-19T14:51:52.279-03:00  INFO 2241806 --- [financial-service] [           main] c.n.d.s.r.aws.ConfigClusterResolver      : Resolving eureka endpoints via configuration
2026-03-19T14:51:52.282-03:00  INFO 2241806 --- [financial-service] [           main] com.netflix.discovery.DiscoveryClient    : Disable delta property : false
2026-03-19T14:51:52.282-03:00  INFO 2241806 --- [financial-service] [           main] com.netflix.discovery.DiscoveryClient    : Single vip registry refresh property : null
2026-03-19T14:51:52.282-03:00  INFO 2241806 --- [financial-service] [           main] com.netflix.discovery.DiscoveryClient    : Force full registry fetch : false
2026-03-19T14:51:52.282-03:00  INFO 2241806 --- [financial-service] [           main] com.netflix.discovery.DiscoveryClient    : Application is null : false
2026-03-19T14:51:52.282-03:00  INFO 2241806 --- [financial-service] [           main] com.netflix.discovery.DiscoveryClient    : Registered Applications size is zero : true
2026-03-19T14:51:52.282-03:00  INFO 2241806 --- [financial-service] [           main] com.netflix.discovery.DiscoveryClient    : Application version is -1: true
2026-03-19T14:51:52.282-03:00  INFO 2241806 --- [financial-service] [           main] com.netflix.discovery.DiscoveryClient    : Getting all instance registry info from the eureka server
2026-03-19T14:51:52.424-03:00  INFO 2241806 --- [financial-service] [           main] com.netflix.discovery.DiscoveryClient    : The response status is 200
2026-03-19T14:51:52.425-03:00  INFO 2241806 --- [financial-service] [           main] com.netflix.discovery.DiscoveryClient    : Starting heartbeat executor: renew interval is: 30
2026-03-19T14:51:52.426-03:00  INFO 2241806 --- [financial-service] [           main] c.n.discovery.InstanceInfoReplicator     : InstanceInfoReplicator onDemand update allowed rate per min is 4
2026-03-19T14:51:52.427-03:00  INFO 2241806 --- [financial-service] [           main] com.netflix.discovery.DiscoveryClient    : Discovery Client initialized at timestamp 1773942712426 with initial instances count: 3
2026-03-19T14:51:52.428-03:00  INFO 2241806 --- [financial-service] [           main] o.s.c.n.e.s.EurekaServiceRegistry        : Registering application FINANCIAL-SERVICE with eureka with status UP
2026-03-19T14:51:52.428-03:00  INFO 2241806 --- [financial-service] [           main] com.netflix.discovery.DiscoveryClient    : Saw local status change event StatusChangeEvent [timestamp=1773942712428, current=UP, previous=STARTING]
2026-03-19T14:51:52.429-03:00  INFO 2241806 --- [financial-service] [foReplicator-%d] com.netflix.discovery.DiscoveryClient    : DiscoveryClient_FINANCIAL-SERVICE/192.168.15.45:financial-service:8084: registering service...
2026-03-19T14:51:52.436-03:00  INFO 2241806 --- [financial-service] [           main] o.s.boot.tomcat.TomcatWebServer          : Tomcat started on port 8084 (http) with context path '/'
2026-03-19T14:51:52.436-03:00  INFO 2241806 --- [financial-service] [           main] .s.c.n.e.s.EurekaAutoServiceRegistration : Updating port to 8084
2026-03-19T14:51:52.442-03:00  INFO 2241806 --- [financial-service] [           main] b.c.f.f.FinancialServiceApplication      : Started FinancialServiceApplication in 1.874 seconds (process running for 2.087)
2026-03-19T14:51:52.451-03:00  INFO 2241806 --- [financial-service] [foReplicator-%d] com.netflix.discovery.DiscoveryClient    : DiscoveryClient_FINANCIAL-SERVICE/192.168.15.45:financial-service:8084 - registration status: 204
2026-03-19T14:56:52.283-03:00  INFO 2241806 --- [financial-service] [rap-executor-%d] c.n.d.s.r.aws.ConfigClusterResolver      : Resolving eureka endpoints via configuration
[INFO] ------------------------------------------------------------------------
[INFO] BUILD FAILURE
[INFO] ------------------------------------------------------------------------
[INFO] Total time:  05:31 min
[INFO] Finished at: 2026-03-19T14:57:20-03:00
[INFO] ------------------------------------------------------------------------
[ERROR] Failed to execute goal org.springframework.boot:spring-boot-maven-plugin:4.0.3:run (default-cli) on project financial-service: Process terminated with exit code: 137 -> [Help 1]
[ERROR] 
[ERROR] To see the full stack trace of the errors, re-run Maven with the -e switch.
[ERROR] Re-run Maven using the -X switch to enable full debug logging.
[ERROR] 
[ERROR] For more information about the errors and possible solutions, please read the following articles:
[ERROR] [Help 1] http://cwiki.apache.org/confluence/display/MAVEN/MojoExecutionException
