
Warning: This is a simple server for use in testing or debugging Angular applications
locally. It hasn't been reviewed for security issues.

Binding this server to an open connection can result in compromising your application or
computer. Using a different host than the one passed to the "--host" flag might result in
websocket connection issues. You might need to use "--disable-host-check" if that's the
case.
    
Component HMR has been enabled, see https://angular.dev/hmr for more info.
❯ Building...
✔ Building...
Initial chunk files | Names         |  Raw size
main.js             | main          | 453.33 kB | 
polyfills.js        | polyfills     |  89.77 kB | 
styles.css          | styles        |  33.03 kB | 

                    | Initial total | 576.13 kB

Application bundle generation complete. [1.214 seconds]

[33m▲ [43;33m[[43;30mWARNING[43;33m][0m [1mNG8102: The left side of this nullish coalescing operation does not include 'null' or 'undefined' in its type, therefore the '??' operator can be safely removed.[0m [1m[35m[plugin angular-compiler][0m

    src/app/components/vendas-config/vendas-config.component.html:70:71:
[37m      70 │ ...-4 text-center text-slate-800 font-medium">{{[32mp.estoque ?? 0[37m}}</td>
         ╵                                                 [32m~~~~~~~~~~~~~~[0m

  Error occurs in the template of component VendasConfigComponent.

    src/app/components/vendas-config/vendas-config.component.ts:13:15:
[37m      13 │   templateUrl: [32m'./vendas-config.component.html'[37m
         ╵                [32m~~~~~~~~~~~~~~~~~~~~~~~~~~~~~~~~[0m


Watch mode enabled. Watching for file changes...
NOTE: Raw file sizes do not reflect development server per-request transformations.
  ➜  Local:   http://localhost:4200/
  ➜  Network: http://192.168.0.71:4200/
❯ Changes detected. Rebuilding...
✔ Changes detected. Rebuilding...
Initial chunk files | Names |  Raw size
main.js             | main  | 453.43 kB | 

Application bundle generation complete. [0.460 seconds]

[33m▲ [43;33m[[43;30mWARNING[43;33m][0m [1mNG8102: The left side of this nullish coalescing operation does not include 'null' or 'undefined' in its type, therefore the '??' operator can be safely removed.[0m [1m[35m[plugin angular-compiler][0m

    src/app/components/vendas-config/vendas-config.component.html:70:71:
[37m      70 │ ...-4 text-center text-slate-800 font-medium">{{[32mp.estoque ?? 0[37m}}</td>
         ╵                                                 [32m~~~~~~~~~~~~~~[0m

  Error occurs in the template of component VendasConfigComponent.

    src/app/components/vendas-config/vendas-config.component.ts:13:15:
[37m      13 │   templateUrl: [32m'./vendas-config.component.html'[37m
         ╵                [32m~~~~~~~~~~~~~~~~~~~~~~~~~~~~~~~~[0m


Page reload sent to client(s).
❯ Changes detected. Rebuilding...
✔ Changes detected. Rebuilding...
Application bundle generation failed. [0.236 seconds]

[33m▲ [43;33m[[43;30mWARNING[43;33m][0m [1mNG8102: The left side of this nullish coalescing operation does not include 'null' or 'undefined' in its type, therefore the '??' operator can be safely removed.[0m [1m[35m[plugin angular-compiler][0m

    src/app/components/vendas-config/vendas-config.component.html:70:71:
[37m      70 │ ...-4 text-center text-slate-800 font-medium">{{[32mp.estoque ?? 0[37m}}</td>
         ╵                                                 [32m~~~~~~~~~~~~~~[0m

  Error occurs in the template of component VendasConfigComponent.

    src/app/components/vendas-config/vendas-config.component.ts:13:15:
[37m      13 │   templateUrl: [32m'./vendas-config.component.html'[37m
         ╵                [32m~~~~~~~~~~~~~~~~~~~~~~~~~~~~~~~~[0m


[31m✘ [41;31m[[41;97mERROR[41;31m][0m [1mTS1128: Declaration or statement expected.[0m [1m[35m[plugin angular-compiler][0m

    src/app/components/vendas-config/vendas-config.component.ts:298:0:
[37m      298 │ [32m}[37m
          ╵ [32m^[0m


❯ Changes detected. Rebuilding...
✔ Changes detected. Rebuilding...
Initial chunk files | Names         |  Raw size
main.js             | main          | 454.40 kB | 
polyfills.js        | polyfills     |  89.77 kB | 
styles.css          | styles        |  33.03 kB | 

                    | Initial total | 577.21 kB

Application bundle generation complete. [0.187 seconds]

[33m▲ [43;33m[[43;30mWARNING[43;33m][0m [1mNG8102: The left side of this nullish coalescing operation does not include 'null' or 'undefined' in its type, therefore the '??' operator can be safely removed.[0m [1m[35m[plugin angular-compiler][0m

    src/app/components/vendas-config/vendas-config.component.html:70:71:
[37m      70 │ ...-4 text-center text-slate-800 font-medium">{{[32mp.estoque ?? 0[37m}}</td>
         ╵                                                 [32m~~~~~~~~~~~~~~[0m

  Error occurs in the template of component VendasConfigComponent.

    src/app/components/vendas-config/vendas-config.component.ts:13:15:
[37m      13 │   templateUrl: [32m'./vendas-config.component.html'[37m
         ╵                [32m~~~~~~~~~~~~~~~~~~~~~~~~~~~~~~~~[0m


Page reload sent to client(s).
❯ Changes detected. Rebuilding...
✔ Changes detected. Rebuilding...
Initial chunk files | Names  |  Raw size
main.js             | main   | 456.81 kB | 
styles.css          | styles |  33.41 kB | 

Application bundle generation complete. [0.234 seconds]

[33m▲ [43;33m[[43;30mWARNING[43;33m][0m [1mNG8102: The left side of this nullish coalescing operation does not include 'null' or 'undefined' in its type, therefore the '??' operator can be safely removed.[0m [1m[35m[plugin angular-compiler][0m

    src/app/components/vendas-config/vendas-config.component.html:70:71:
[37m      70 │ ...-4 text-center text-slate-800 font-medium">{{[32mp.estoque ?? 0[37m}}</td>
         ╵                                                 [32m~~~~~~~~~~~~~~[0m

  Error occurs in the template of component VendasConfigComponent.

    src/app/components/vendas-config/vendas-config.component.ts:13:15:
[37m      13 │   templateUrl: [32m'./vendas-config.component.html'[37m
         ╵                [32m~~~~~~~~~~~~~~~~~~~~~~~~~~~~~~~~[0m


Stylesheet update sent to client(s).
Component update sent to client(s).
❯ Changes detected. Rebuilding...
✔ Changes detected. Rebuilding...
Initial chunk files | Names |  Raw size
main.js             | main  | 456.77 kB | 

Application bundle generation complete. [0.267 seconds]

[33m▲ [43;33m[[43;30mWARNING[43;33m][0m [1mNG8102: The left side of this nullish coalescing operation does not include 'null' or 'undefined' in its type, therefore the '??' operator can be safely removed.[0m [1m[35m[plugin angular-compiler][0m

    src/app/components/vendas-config/vendas-config.component.html:70:71:
[37m      70 │ ...-4 text-center text-slate-800 font-medium">{{[32mp.estoque ?? 0[37m}}</td>
         ╵                                                 [32m~~~~~~~~~~~~~~[0m

  Error occurs in the template of component VendasConfigComponent.

    src/app/components/vendas-config/vendas-config.component.ts:13:15:
[37m      13 │   templateUrl: [32m'./vendas-config.component.html'[37m
         ╵                [32m~~~~~~~~~~~~~~~~~~~~~~~~~~~~~~~~[0m


Page reload sent to client(s).
