nohup: ignoring input
[INFO] Scanning for projects...
[INFO] 
[INFO] ---------------------< br.com.fileh:auth-service >----------------------
[INFO] Building auth-service 0.0.1-SNAPSHOT
[INFO]   from pom.xml
[INFO] --------------------------------[ jar ]---------------------------------
[INFO] 
[INFO] >>> spring-boot:4.0.3:run (default-cli) > test-compile @ auth-service >>>
[INFO] 
[INFO] --- resources:3.3.1:resources (default-resources) @ auth-service ---
[INFO] Copying 1 resource from src/main/resources to target/classes
[INFO] Copying 0 resource from src/main/resources to target/classes
[INFO] 
[INFO] --- compiler:3.14.1:compile (default-compile) @ auth-service ---
[INFO] Nothing to compile - all classes are up to date.
[INFO] 
[INFO] --- resources:3.3.1:testResources (default-testResources) @ auth-service ---
[INFO] skip non existing resourceDirectory /home/dev/Documents/Development/Java Developer/fileh_systems/fileh.com.br/v2/backend/auth-service/src/test/resources
[INFO] 
[INFO] --- compiler:3.14.1:testCompile (default-testCompile) @ auth-service ---
[INFO] Nothing to compile - all classes are up to date.
[INFO] 
[INFO] <<< spring-boot:4.0.3:run (default-cli) < test-compile @ auth-service <<<
[INFO] 
[INFO] 
[INFO] --- spring-boot:4.0.3:run (default-cli) @ auth-service ---
[INFO] Attaching agents: []

  .   ____          _            __ _ _
 /\\ / ___'_ __ _ _(_)_ __  __ _ \ \ \ \
( ( )\___ | '_ | '_| | '_ \/ _` | \ \ \ \
 \\/  ___)| |_)| | | | | || (_| |  ) ) ) )
  '  |____| .__|_| |_|_| |_\__, | / / / /
 =========|_|==============|___/=/_/_/_/

 :: Spring Boot ::                (v4.0.3)

2026-03-17T10:41:51.346-03:00  INFO 858062 --- [auth-service] [           main] b.com.fileh.auth.AuthServiceApplication  : Starting AuthServiceApplication using Java 21.0.10 with PID 858062 (/home/dev/Documents/Development/Java Developer/fileh_systems/fileh.com.br/v2/backend/auth-service/target/classes started by dev in /home/dev/Documents/Development/Java Developer/fileh_systems/fileh.com.br/v2/backend/auth-service)
2026-03-17T10:41:51.350-03:00  INFO 858062 --- [auth-service] [           main] b.com.fileh.auth.AuthServiceApplication  : No active profile set, falling back to 1 default profile: "default"
2026-03-17T10:41:51.618-03:00  INFO 858062 --- [auth-service] [           main] .s.d.r.c.RepositoryConfigurationDelegate : Bootstrapping Spring Data JPA repositories in DEFAULT mode.
2026-03-17T10:41:51.666-03:00  INFO 858062 --- [auth-service] [           main] .s.d.r.c.RepositoryConfigurationDelegate : Finished Spring Data repository scanning in 45 ms. Found 2 JPA repository interfaces.
2026-03-17T10:41:51.759-03:00  INFO 858062 --- [auth-service] [           main] o.s.cloud.context.scope.GenericScope     : BeanFactory id=f2e61553-9b9b-3c2a-aedf-43ca35fe5897
2026-03-17T10:41:51.907-03:00  INFO 858062 --- [auth-service] [           main] o.s.boot.tomcat.TomcatWebServer          : Tomcat initialized with port 8081 (http)
2026-03-17T10:41:51.913-03:00  INFO 858062 --- [auth-service] [           main] o.apache.catalina.core.StandardService   : Starting service [Tomcat]
2026-03-17T10:41:51.913-03:00  INFO 858062 --- [auth-service] [           main] o.apache.catalina.core.StandardEngine    : Starting Servlet engine: [Apache Tomcat/11.0.18]
2026-03-17T10:41:51.933-03:00  INFO 858062 --- [auth-service] [           main] b.w.c.s.WebApplicationContextInitializer : Root WebApplicationContext: initialization completed in 565 ms
2026-03-17T10:41:51.991-03:00  INFO 858062 --- [auth-service] [           main] org.hibernate.orm.jpa                    : HHH008540: Processing PersistenceUnitInfo [name: default]
2026-03-17T10:41:52.010-03:00  INFO 858062 --- [auth-service] [           main] org.hibernate.orm.core                   : HHH000001: Hibernate ORM core version 7.2.4.Final
2026-03-17T10:41:52.197-03:00  INFO 858062 --- [auth-service] [           main] o.s.o.j.p.SpringPersistenceUnitInfo      : No LoadTimeWeaver setup: ignoring JPA class transformer
2026-03-17T10:41:52.210-03:00  INFO 858062 --- [auth-service] [           main] com.zaxxer.hikari.HikariDataSource       : HikariPool-1 - Starting...
2026-03-17T10:41:52.284-03:00  INFO 858062 --- [auth-service] [           main] com.zaxxer.hikari.pool.HikariPool        : HikariPool-1 - Added connection com.mysql.cj.jdbc.ConnectionImpl@7acb5200
2026-03-17T10:41:52.285-03:00  INFO 858062 --- [auth-service] [           main] com.zaxxer.hikari.HikariDataSource       : HikariPool-1 - Start completed.
2026-03-17T10:41:52.308-03:00  WARN 858062 --- [auth-service] [           main] org.hibernate.orm.deprecation            : HHH90000025: MySQLDialect does not need to be specified explicitly using 'hibernate.dialect' (remove the property setting and it will be selected by default)
2026-03-17T10:41:52.315-03:00  INFO 858062 --- [auth-service] [           main] org.hibernate.orm.connections.pooling    : HHH10001005: Database info:
	Database JDBC URL [jdbc:mysql://localhost:3306/fileh_v2?useSSL=false&serverTimezone=UTC&createDatabaseIfNotExist=true]
	Database driver: MySQL Connector/J
	Database dialect: MySQLDialect
	Database version: 8.0.45
	Default catalog/schema: fileh_v2/undefined
	Autocommit mode: undefined/unknown
	Isolation level: REPEATABLE_READ [default REPEATABLE_READ]
	JDBC fetch size: none
	Pool: DataSourceConnectionProvider
	Minimum pool size: undefined/unknown
	Maximum pool size: undefined/unknown
2026-03-17T10:41:52.688-03:00  INFO 858062 --- [auth-service] [           main] org.hibernate.orm.core                   : HHH000489: No JTA platform available (set 'hibernate.transaction.jta.platform' to enable JTA platform integration)
2026-03-17T10:41:52.727-03:00  INFO 858062 --- [auth-service] [           main] j.LocalContainerEntityManagerFactoryBean : Initialized JPA EntityManagerFactory for persistence unit 'default'
2026-03-17T10:41:52.758-03:00  INFO 858062 --- [auth-service] [           main] o.s.d.j.r.query.QueryEnhancerFactories   : Hibernate is in classpath; If applicable, HQL parser will be used.
2026-03-17T10:41:52.914-03:00  INFO 858062 --- [auth-service] [           main] eAuthenticationProviderManagerConfigurer : Global AuthenticationManager configured with AuthenticationProvider bean with name authenticationProvider
2026-03-17T10:41:52.914-03:00  WARN 858062 --- [auth-service] [           main] r$InitializeUserDetailsManagerConfigurer : Global AuthenticationManager configured with an AuthenticationProvider bean. UserDetailsService beans will not be used by Spring Security for automatically configuring username/password login. Consider removing the AuthenticationProvider bean. Alternatively, consider using the UserDetailsService in a manually instantiated DaoAuthenticationProvider. If the current configuration is intentional, to turn off this warning, increase the logging level of 'org.springframework.security.config.annotation.authentication.configuration.InitializeUserDetailsBeanManagerConfigurer' to ERROR
2026-03-17T10:41:52.929-03:00  WARN 858062 --- [auth-service] [           main] JpaBaseConfiguration$JpaWebConfiguration : spring.jpa.open-in-view is enabled by default. Therefore, database queries may be performed during view rendering. Explicitly configure spring.jpa.open-in-view to disable this warning
2026-03-17T10:41:53.246-03:00  INFO 858062 --- [auth-service] [           main] DiscoveryClientOptionalArgsConfiguration : Eureka HTTP Client uses RestClient.
2026-03-17T10:41:53.262-03:00  WARN 858062 --- [auth-service] [           main] iguration$LoadBalancerCaffeineWarnLogger : Spring Cloud LoadBalancer is currently working with the default cache. While this cache implementation is useful for development and tests, it's recommended to use Caffeine cache in production.You can switch to using Caffeine cache, by adding it and org.springframework.cache.caffeine.CaffeineCacheManager to the classpath.
2026-03-17T10:41:53.272-03:00  INFO 858062 --- [auth-service] [           main] o.s.c.n.eureka.InstanceInfoFactory       : Setting initial instance status as: STARTING
2026-03-17T10:41:53.282-03:00  INFO 858062 --- [auth-service] [           main] com.netflix.discovery.DiscoveryClient    : Initializing Eureka in region us-east-1
2026-03-17T10:41:53.284-03:00  INFO 858062 --- [auth-service] [           main] c.n.d.s.r.aws.ConfigClusterResolver      : Resolving eureka endpoints via configuration
2026-03-17T10:41:53.287-03:00  INFO 858062 --- [auth-service] [           main] com.netflix.discovery.DiscoveryClient    : Disable delta property : false
2026-03-17T10:41:53.287-03:00  INFO 858062 --- [auth-service] [           main] com.netflix.discovery.DiscoveryClient    : Single vip registry refresh property : null
2026-03-17T10:41:53.287-03:00  INFO 858062 --- [auth-service] [           main] com.netflix.discovery.DiscoveryClient    : Force full registry fetch : false
2026-03-17T10:41:53.287-03:00  INFO 858062 --- [auth-service] [           main] com.netflix.discovery.DiscoveryClient    : Application is null : false
2026-03-17T10:41:53.287-03:00  INFO 858062 --- [auth-service] [           main] com.netflix.discovery.DiscoveryClient    : Registered Applications size is zero : true
2026-03-17T10:41:53.287-03:00  INFO 858062 --- [auth-service] [           main] com.netflix.discovery.DiscoveryClient    : Application version is -1: true
2026-03-17T10:41:53.287-03:00  INFO 858062 --- [auth-service] [           main] com.netflix.discovery.DiscoveryClient    : Getting all instance registry info from the eureka server
2026-03-17T10:41:53.491-03:00  INFO 858062 --- [auth-service] [           main] com.netflix.discovery.DiscoveryClient    : The response status is 200
2026-03-17T10:41:53.492-03:00  INFO 858062 --- [auth-service] [           main] com.netflix.discovery.DiscoveryClient    : Starting heartbeat executor: renew interval is: 30
2026-03-17T10:41:53.492-03:00  INFO 858062 --- [auth-service] [           main] c.n.discovery.InstanceInfoReplicator     : InstanceInfoReplicator onDemand update allowed rate per min is 4
2026-03-17T10:41:53.493-03:00  INFO 858062 --- [auth-service] [           main] com.netflix.discovery.DiscoveryClient    : Discovery Client initialized at timestamp 1773754913493 with initial instances count: 0
2026-03-17T10:41:53.496-03:00  INFO 858062 --- [auth-service] [           main] o.s.c.n.e.s.EurekaServiceRegistry        : Registering application AUTH-SERVICE with eureka with status UP
2026-03-17T10:41:53.496-03:00  INFO 858062 --- [auth-service] [           main] com.netflix.discovery.DiscoveryClient    : Saw local status change event StatusChangeEvent [timestamp=1773754913496, current=UP, previous=STARTING]
2026-03-17T10:41:53.497-03:00  INFO 858062 --- [auth-service] [foReplicator-%d] com.netflix.discovery.DiscoveryClient    : DiscoveryClient_AUTH-SERVICE/192.168.0.71:auth-service:8081: registering service...
2026-03-17T10:41:53.502-03:00  INFO 858062 --- [auth-service] [           main] o.s.boot.tomcat.TomcatWebServer          : Tomcat started on port 8081 (http) with context path '/'
2026-03-17T10:41:53.503-03:00  INFO 858062 --- [auth-service] [           main] .s.c.n.e.s.EurekaAutoServiceRegistration : Updating port to 8081
2026-03-17T10:41:53.522-03:00  INFO 858062 --- [auth-service] [           main] b.com.fileh.auth.AuthServiceApplication  : Started AuthServiceApplication in 2.351 seconds (process running for 2.568)
2026-03-17T10:41:53.558-03:00  INFO 858062 --- [auth-service] [foReplicator-%d] com.netflix.discovery.DiscoveryClient    : DiscoveryClient_AUTH-SERVICE/192.168.0.71:auth-service:8081 - registration status: 204
2026-03-17T10:42:23.493-03:00  INFO 858062 --- [auth-service] [reshExecutor-%d] com.netflix.discovery.DiscoveryClient    : Disable delta property : false
2026-03-17T10:42:23.493-03:00  INFO 858062 --- [auth-service] [reshExecutor-%d] com.netflix.discovery.DiscoveryClient    : Single vip registry refresh property : null
2026-03-17T10:42:23.493-03:00  INFO 858062 --- [auth-service] [reshExecutor-%d] com.netflix.discovery.DiscoveryClient    : Force full registry fetch : false
2026-03-17T10:42:23.493-03:00  INFO 858062 --- [auth-service] [reshExecutor-%d] com.netflix.discovery.DiscoveryClient    : Application is null : false
2026-03-17T10:42:23.493-03:00  INFO 858062 --- [auth-service] [reshExecutor-%d] com.netflix.discovery.DiscoveryClient    : Registered Applications size is zero : true
2026-03-17T10:42:23.493-03:00  INFO 858062 --- [auth-service] [reshExecutor-%d] com.netflix.discovery.DiscoveryClient    : Application version is -1: false
2026-03-17T10:42:23.493-03:00  INFO 858062 --- [auth-service] [reshExecutor-%d] com.netflix.discovery.DiscoveryClient    : Getting all instance registry info from the eureka server
2026-03-17T10:42:23.509-03:00  INFO 858062 --- [auth-service] [reshExecutor-%d] com.netflix.discovery.DiscoveryClient    : The response status is 200
2026-03-17T10:46:53.289-03:00  INFO 858062 --- [auth-service] [rap-executor-%d] c.n.d.s.r.aws.ConfigClusterResolver      : Resolving eureka endpoints via configuration
2026-03-17T10:51:53.289-03:00  INFO 858062 --- [auth-service] [rap-executor-%d] c.n.d.s.r.aws.ConfigClusterResolver      : Resolving eureka endpoints via configuration
2026-03-17T10:56:53.290-03:00  INFO 858062 --- [auth-service] [rap-executor-%d] c.n.d.s.r.aws.ConfigClusterResolver      : Resolving eureka endpoints via configuration
2026-03-17T11:01:53.291-03:00  INFO 858062 --- [auth-service] [rap-executor-%d] c.n.d.s.r.aws.ConfigClusterResolver      : Resolving eureka endpoints via configuration
2026-03-17T11:06:53.292-03:00  INFO 858062 --- [auth-service] [rap-executor-%d] c.n.d.s.r.aws.ConfigClusterResolver      : Resolving eureka endpoints via configuration
2026-03-17T11:11:53.293-03:00  INFO 858062 --- [auth-service] [rap-executor-%d] c.n.d.s.r.aws.ConfigClusterResolver      : Resolving eureka endpoints via configuration
2026-03-17T11:16:53.293-03:00  INFO 858062 --- [auth-service] [rap-executor-%d] c.n.d.s.r.aws.ConfigClusterResolver      : Resolving eureka endpoints via configuration
2026-03-17T11:21:53.294-03:00  INFO 858062 --- [auth-service] [rap-executor-%d] c.n.d.s.r.aws.ConfigClusterResolver      : Resolving eureka endpoints via configuration
2026-03-17T11:26:53.295-03:00  INFO 858062 --- [auth-service] [rap-executor-%d] c.n.d.s.r.aws.ConfigClusterResolver      : Resolving eureka endpoints via configuration
2026-03-17T11:31:53.296-03:00  INFO 858062 --- [auth-service] [rap-executor-%d] c.n.d.s.r.aws.ConfigClusterResolver      : Resolving eureka endpoints via configuration
2026-03-17T11:36:53.297-03:00  INFO 858062 --- [auth-service] [rap-executor-%d] c.n.d.s.r.aws.ConfigClusterResolver      : Resolving eureka endpoints via configuration
2026-03-17T11:41:53.297-03:00  INFO 858062 --- [auth-service] [rap-executor-%d] c.n.d.s.r.aws.ConfigClusterResolver      : Resolving eureka endpoints via configuration
2026-03-17T11:46:53.298-03:00  INFO 858062 --- [auth-service] [rap-executor-%d] c.n.d.s.r.aws.ConfigClusterResolver      : Resolving eureka endpoints via configuration
2026-03-17T11:51:53.298-03:00  INFO 858062 --- [auth-service] [rap-executor-%d] c.n.d.s.r.aws.ConfigClusterResolver      : Resolving eureka endpoints via configuration
2026-03-17T11:56:53.299-03:00  INFO 858062 --- [auth-service] [rap-executor-%d] c.n.d.s.r.aws.ConfigClusterResolver      : Resolving eureka endpoints via configuration
2026-03-17T12:01:53.299-03:00  INFO 858062 --- [auth-service] [rap-executor-%d] c.n.d.s.r.aws.ConfigClusterResolver      : Resolving eureka endpoints via configuration
2026-03-17T12:06:53.300-03:00  INFO 858062 --- [auth-service] [rap-executor-%d] c.n.d.s.r.aws.ConfigClusterResolver      : Resolving eureka endpoints via configuration
2026-03-17T12:11:53.300-03:00  INFO 858062 --- [auth-service] [rap-executor-%d] c.n.d.s.r.aws.ConfigClusterResolver      : Resolving eureka endpoints via configuration
2026-03-17T12:16:53.301-03:00  INFO 858062 --- [auth-service] [rap-executor-%d] c.n.d.s.r.aws.ConfigClusterResolver      : Resolving eureka endpoints via configuration
2026-03-17T12:21:53.302-03:00  INFO 858062 --- [auth-service] [rap-executor-%d] c.n.d.s.r.aws.ConfigClusterResolver      : Resolving eureka endpoints via configuration
2026-03-17T12:26:53.302-03:00  INFO 858062 --- [auth-service] [rap-executor-%d] c.n.d.s.r.aws.ConfigClusterResolver      : Resolving eureka endpoints via configuration
2026-03-17T12:31:53.303-03:00  INFO 858062 --- [auth-service] [rap-executor-%d] c.n.d.s.r.aws.ConfigClusterResolver      : Resolving eureka endpoints via configuration
2026-03-17T12:36:53.303-03:00  INFO 858062 --- [auth-service] [rap-executor-%d] c.n.d.s.r.aws.ConfigClusterResolver      : Resolving eureka endpoints via configuration
2026-03-17T12:41:53.304-03:00  INFO 858062 --- [auth-service] [rap-executor-%d] c.n.d.s.r.aws.ConfigClusterResolver      : Resolving eureka endpoints via configuration
2026-03-17T12:46:53.305-03:00  INFO 858062 --- [auth-service] [rap-executor-%d] c.n.d.s.r.aws.ConfigClusterResolver      : Resolving eureka endpoints via configuration
2026-03-17T12:51:53.305-03:00  INFO 858062 --- [auth-service] [rap-executor-%d] c.n.d.s.r.aws.ConfigClusterResolver      : Resolving eureka endpoints via configuration
2026-03-17T12:56:53.306-03:00  INFO 858062 --- [auth-service] [rap-executor-%d] c.n.d.s.r.aws.ConfigClusterResolver      : Resolving eureka endpoints via configuration
2026-03-17T13:01:53.309-03:00  INFO 858062 --- [auth-service] [rap-executor-%d] c.n.d.s.r.aws.ConfigClusterResolver      : Resolving eureka endpoints via configuration
2026-03-17T13:06:53.310-03:00  INFO 858062 --- [auth-service] [rap-executor-%d] c.n.d.s.r.aws.ConfigClusterResolver      : Resolving eureka endpoints via configuration
2026-03-17T13:11:53.311-03:00  INFO 858062 --- [auth-service] [rap-executor-%d] c.n.d.s.r.aws.ConfigClusterResolver      : Resolving eureka endpoints via configuration
2026-03-17T13:16:53.311-03:00  INFO 858062 --- [auth-service] [rap-executor-%d] c.n.d.s.r.aws.ConfigClusterResolver      : Resolving eureka endpoints via configuration
2026-03-17T13:21:53.312-03:00  INFO 858062 --- [auth-service] [rap-executor-%d] c.n.d.s.r.aws.ConfigClusterResolver      : Resolving eureka endpoints via configuration
2026-03-17T13:26:53.312-03:00  INFO 858062 --- [auth-service] [rap-executor-%d] c.n.d.s.r.aws.ConfigClusterResolver      : Resolving eureka endpoints via configuration
2026-03-17T13:31:53.313-03:00  INFO 858062 --- [auth-service] [rap-executor-%d] c.n.d.s.r.aws.ConfigClusterResolver      : Resolving eureka endpoints via configuration
2026-03-17T13:36:53.313-03:00  INFO 858062 --- [auth-service] [rap-executor-%d] c.n.d.s.r.aws.ConfigClusterResolver      : Resolving eureka endpoints via configuration
2026-03-17T13:41:53.314-03:00  INFO 858062 --- [auth-service] [rap-executor-%d] c.n.d.s.r.aws.ConfigClusterResolver      : Resolving eureka endpoints via configuration
2026-03-17T13:46:53.314-03:00  INFO 858062 --- [auth-service] [rap-executor-%d] c.n.d.s.r.aws.ConfigClusterResolver      : Resolving eureka endpoints via configuration
2026-03-17T13:49:31.615-03:00  INFO 858062 --- [auth-service] [nio-8081-exec-1] o.a.c.c.C.[Tomcat].[localhost].[/]       : Initializing Spring DispatcherServlet 'dispatcherServlet'
2026-03-17T13:49:31.615-03:00  INFO 858062 --- [auth-service] [nio-8081-exec-1] o.s.web.servlet.DispatcherServlet        : Initializing Servlet 'dispatcherServlet'
2026-03-17T13:49:31.617-03:00  INFO 858062 --- [auth-service] [nio-8081-exec-1] o.s.web.servlet.DispatcherServlet        : Completed initialization in 1 ms
USUARIO: adm SENHA:adm
Hibernate: 
    select
        su1_0.sbu_cd_subusuario,
        su1_0.sbu_cd_entidade,
        su1_0.sbu_fl_adm,
        su1_0.sbu_ds_login,
        su1_0.sbu_fl_modulo_caixa,
        su1_0.sbu_fl_modulo_cliente,
        su1_0.sbu_fl_modulo_financeiro,
        su1_0.sbu_fl_modulo_venda,
        su1_0.sbu_ds_msg_footer,
        su1_0.sbu_nm_subusuario,
        su1_0.sbu_sh_subusuario,
        su1_0.sbu_cd_usuario 
    from
        subusuario su1_0 
    where
        su1_0.sbu_ds_login=?
Hibernate: 
    select
        u1_0.usu_cd_usuario,
        u1_0.usu_ds_bairro,
        u1_0.usu_ds_cidade,
        u1_0.usu_nr_cnpj,
        u1_0.usu_ds_email,
        u1_0.usu_ds_fantasia,
        u1_0.usu_ds_logradouro,
        u1_0.usu_nm_usuario,
        u1_0.usu_ds_numero,
        u1_0.usu_cd_plano,
        u1_0.usu_ds_subdominio,
        u1_0.usu_ds_tel,
        u1_0.usu_ds_uf 
    from
        usuario u1_0 
    where
        u1_0.usu_cd_usuario=?
2026-03-17T13:51:53.315-03:00  INFO 858062 --- [auth-service] [rap-executor-%d] c.n.d.s.r.aws.ConfigClusterResolver      : Resolving eureka endpoints via configuration
2026-03-17T13:56:53.316-03:00  INFO 858062 --- [auth-service] [rap-executor-%d] c.n.d.s.r.aws.ConfigClusterResolver      : Resolving eureka endpoints via configuration
2026-03-17T14:01:53.319-03:00  INFO 858062 --- [auth-service] [rap-executor-%d] c.n.d.s.r.aws.ConfigClusterResolver      : Resolving eureka endpoints via configuration
2026-03-17T14:06:53.320-03:00  INFO 858062 --- [auth-service] [rap-executor-%d] c.n.d.s.r.aws.ConfigClusterResolver      : Resolving eureka endpoints via configuration
2026-03-17T14:11:53.321-03:00  INFO 858062 --- [auth-service] [rap-executor-%d] c.n.d.s.r.aws.ConfigClusterResolver      : Resolving eureka endpoints via configuration
2026-03-17T14:16:53.324-03:00  INFO 858062 --- [auth-service] [rap-executor-%d] c.n.d.s.r.aws.ConfigClusterResolver      : Resolving eureka endpoints via configuration
2026-03-17T14:21:53.325-03:00  INFO 858062 --- [auth-service] [rap-executor-%d] c.n.d.s.r.aws.ConfigClusterResolver      : Resolving eureka endpoints via configuration
2026-03-17T14:26:53.326-03:00  INFO 858062 --- [auth-service] [rap-executor-%d] c.n.d.s.r.aws.ConfigClusterResolver      : Resolving eureka endpoints via configuration
2026-03-17T14:31:53.326-03:00  INFO 858062 --- [auth-service] [rap-executor-%d] c.n.d.s.r.aws.ConfigClusterResolver      : Resolving eureka endpoints via configuration
2026-03-17T14:36:53.327-03:00  INFO 858062 --- [auth-service] [rap-executor-%d] c.n.d.s.r.aws.ConfigClusterResolver      : Resolving eureka endpoints via configuration
2026-03-17T14:41:53.328-03:00  INFO 858062 --- [auth-service] [rap-executor-%d] c.n.d.s.r.aws.ConfigClusterResolver      : Resolving eureka endpoints via configuration
2026-03-17T14:46:53.328-03:00  INFO 858062 --- [auth-service] [rap-executor-%d] c.n.d.s.r.aws.ConfigClusterResolver      : Resolving eureka endpoints via configuration
2026-03-17T14:51:53.329-03:00  INFO 858062 --- [auth-service] [rap-executor-%d] c.n.d.s.r.aws.ConfigClusterResolver      : Resolving eureka endpoints via configuration
2026-03-17T14:56:53.329-03:00  INFO 858062 --- [auth-service] [rap-executor-%d] c.n.d.s.r.aws.ConfigClusterResolver      : Resolving eureka endpoints via configuration
2026-03-17T15:01:53.330-03:00  INFO 858062 --- [auth-service] [rap-executor-%d] c.n.d.s.r.aws.ConfigClusterResolver      : Resolving eureka endpoints via configuration
2026-03-17T15:06:53.335-03:00  INFO 858062 --- [auth-service] [rap-executor-%d] c.n.d.s.r.aws.ConfigClusterResolver      : Resolving eureka endpoints via configuration
2026-03-17T15:11:53.338-03:00  INFO 858062 --- [auth-service] [rap-executor-%d] c.n.d.s.r.aws.ConfigClusterResolver      : Resolving eureka endpoints via configuration
Hibernate: 
    select
        su1_0.sbu_cd_subusuario,
        su1_0.sbu_cd_entidade,
        su1_0.sbu_fl_adm,
        su1_0.sbu_ds_login,
        su1_0.sbu_fl_modulo_caixa,
        su1_0.sbu_fl_modulo_cliente,
        su1_0.sbu_fl_modulo_financeiro,
        su1_0.sbu_fl_modulo_venda,
        su1_0.sbu_ds_msg_footer,
        su1_0.sbu_nm_subusuario,
        su1_0.sbu_sh_subusuario,
        su1_0.sbu_cd_usuario 
    from
        subusuario su1_0 
    where
        su1_0.sbu_ds_login=?
Hibernate: 
    select
        u1_0.usu_cd_usuario,
        u1_0.usu_ds_bairro,
        u1_0.usu_ds_cidade,
        u1_0.usu_nr_cnpj,
        u1_0.usu_ds_email,
        u1_0.usu_ds_fantasia,
        u1_0.usu_ds_logradouro,
        u1_0.usu_nm_usuario,
        u1_0.usu_ds_numero,
        u1_0.usu_cd_plano,
        u1_0.usu_ds_subdominio,
        u1_0.usu_ds_tel,
        u1_0.usu_ds_uf 
    from
        usuario u1_0 
    where
        u1_0.usu_cd_usuario=?
2026-03-17T15:14:18.432-03:00 ERROR 858062 --- [auth-service] [nio-8081-exec-3] b.c.f.a.security.jwt.AuthEntryPointJwt   : Unauthorized error: Full authentication is required to access this resource
USUARIO: adm SENHA:adm
Hibernate: 
    select
        su1_0.sbu_cd_subusuario,
        su1_0.sbu_cd_entidade,
        su1_0.sbu_fl_adm,
        su1_0.sbu_ds_login,
        su1_0.sbu_fl_modulo_caixa,
        su1_0.sbu_fl_modulo_cliente,
        su1_0.sbu_fl_modulo_financeiro,
        su1_0.sbu_fl_modulo_venda,
        su1_0.sbu_ds_msg_footer,
        su1_0.sbu_nm_subusuario,
        su1_0.sbu_sh_subusuario,
        su1_0.sbu_cd_usuario 
    from
        subusuario su1_0 
    where
        su1_0.sbu_ds_login=?
Hibernate: 
    select
        u1_0.usu_cd_usuario,
        u1_0.usu_ds_bairro,
        u1_0.usu_ds_cidade,
        u1_0.usu_nr_cnpj,
        u1_0.usu_ds_email,
        u1_0.usu_ds_fantasia,
        u1_0.usu_ds_logradouro,
        u1_0.usu_nm_usuario,
        u1_0.usu_ds_numero,
        u1_0.usu_cd_plano,
        u1_0.usu_ds_subdominio,
        u1_0.usu_ds_tel,
        u1_0.usu_ds_uf 
    from
        usuario u1_0 
    where
        u1_0.usu_cd_usuario=?
2026-03-17T15:16:53.339-03:00  INFO 858062 --- [auth-service] [rap-executor-%d] c.n.d.s.r.aws.ConfigClusterResolver      : Resolving eureka endpoints via configuration
Hibernate: 
    select
        su1_0.sbu_cd_subusuario,
        su1_0.sbu_cd_entidade,
        su1_0.sbu_fl_adm,
        su1_0.sbu_ds_login,
        su1_0.sbu_fl_modulo_caixa,
        su1_0.sbu_fl_modulo_cliente,
        su1_0.sbu_fl_modulo_financeiro,
        su1_0.sbu_fl_modulo_venda,
        su1_0.sbu_ds_msg_footer,
        su1_0.sbu_nm_subusuario,
        su1_0.sbu_sh_subusuario,
        su1_0.sbu_cd_usuario 
    from
        subusuario su1_0 
    where
        su1_0.sbu_ds_login=?
Hibernate: 
    select
        u1_0.usu_cd_usuario,
        u1_0.usu_ds_bairro,
        u1_0.usu_ds_cidade,
        u1_0.usu_nr_cnpj,
        u1_0.usu_ds_email,
        u1_0.usu_ds_fantasia,
        u1_0.usu_ds_logradouro,
        u1_0.usu_nm_usuario,
        u1_0.usu_ds_numero,
        u1_0.usu_cd_plano,
        u1_0.usu_ds_subdominio,
        u1_0.usu_ds_tel,
        u1_0.usu_ds_uf 
    from
        usuario u1_0 
    where
        u1_0.usu_cd_usuario=?
2026-03-17T15:21:34.149-03:00 ERROR 858062 --- [auth-service] [nio-8081-exec-7] b.c.f.a.security.jwt.AuthEntryPointJwt   : Unauthorized error: Full authentication is required to access this resource
2026-03-17T15:21:53.341-03:00  INFO 858062 --- [auth-service] [rap-executor-%d] c.n.d.s.r.aws.ConfigClusterResolver      : Resolving eureka endpoints via configuration
2026-03-17T15:26:53.342-03:00  INFO 858062 --- [auth-service] [rap-executor-%d] c.n.d.s.r.aws.ConfigClusterResolver      : Resolving eureka endpoints via configuration
